c:\users\orhan\desktop\step5\synthie\debug\synthie.pch
c:\users\orhan\desktop\step5\synthie\debug\vc143.pdb
c:\users\orhan\desktop\step5\synthie\debug\vc143.idb
c:\users\orhan\desktop\step5\synthie\debug\stdafx.obj
c:\users\orhan\desktop\step5\synthie\debug\dirsoundsource.obj
c:\users\orhan\desktop\step5\synthie\debug\dirsoundstream.obj
c:\users\orhan\desktop\step5\synthie\debug\cdruminstrument.obj
c:\users\orhan\desktop\step5\synthie\debug\choruseffect.obj
c:\users\orhan\desktop\step5\synthie\debug\creverbeffect.obj
c:\users\orhan\desktop\step5\synthie\debug\instrument.obj
c:\users\orhan\desktop\step5\synthie\debug\mainfrm.obj
c:\users\orhan\desktop\step5\synthie\debug\note.obj
c:\users\orhan\desktop\step5\synthie\debug\notes.obj
c:\users\orhan\desktop\step5\synthie\debug\progress.obj
c:\users\orhan\desktop\step5\synthie\debug\progressdlg.obj
c:\users\orhan\desktop\step5\synthie\debug\sinewave.obj
c:\users\orhan\desktop\step5\synthie\debug\synthesizer.obj
c:\users\orhan\desktop\step5\synthie\debug\synthie.obj
c:\users\orhan\desktop\step5\synthie\debug\synthieview.obj
c:\users\orhan\desktop\step5\synthie\debug\wave.obj
c:\users\orhan\desktop\step5\synthie\debug\waveformbuffer.obj
c:\users\orhan\desktop\step5\synthie\debug\waveformwnd.obj
c:\users\orhan\desktop\step5\synthie\debug\toneinstrument.obj
c:\users\orhan\desktop\step5\synthie\debug\ar.obj
c:\users\orhan\desktop\step5\synthie\debug\audionode.obj
c:\users\orhan\desktop\step5\synthie\debug\dirsound.obj
c:\users\orhan\desktop\step5\synthie\debug\effect.obj
c:\users\orhan\desktop\step5\debug\synthie.exe
c:\users\orhan\desktop\step5\debug\synthie.pdb
c:\users\orhan\desktop\step5\synthie\debug\synthie.res
c:\users\orhan\desktop\step5\synthie\debug\synthie.ilk
c:\users\orhan\desktop\step5\synthie\debug\synthie.tlog\cl.command.1.tlog
c:\users\orhan\desktop\step5\synthie\debug\synthie.tlog\cl.items.tlog
c:\users\orhan\desktop\step5\synthie\debug\synthie.tlog\cl.read.1.tlog
c:\users\orhan\desktop\step5\synthie\debug\synthie.tlog\cl.write.1.tlog
c:\users\orhan\desktop\step5\synthie\debug\synthie.tlog\link.command.1.tlog
c:\users\orhan\desktop\step5\synthie\debug\synthie.tlog\link.read.1.tlog
c:\users\orhan\desktop\step5\synthie\debug\synthie.tlog\link.secondary.1.tlog
c:\users\orhan\desktop\step5\synthie\debug\synthie.tlog\link.write.1.tlog
c:\users\orhan\desktop\step5\synthie\debug\synthie.tlog\rc.command.1.tlog
c:\users\orhan\desktop\step5\synthie\debug\synthie.tlog\rc.read.1.tlog
c:\users\orhan\desktop\step5\synthie\debug\synthie.tlog\rc.write.1.tlog
